# JRE version: OpenJDK Runtime Environment (8.0_252-b09) (build 1.8.0_252-8u252-b09-1ubuntu1-b09)
# Java VM: OpenJDK 64-Bit Server VM (25.252-b09 mixed mode linux-amd64 compressed oops)
Heap:
 PSYoungGen      total 133120K, used 109878K [0x00000000d9300000, 0x00000000e2300000, 0x0000000100000000)
  eden space 121856K, 82% used [0x00000000d9300000,0x00000000df4e59d0,0x00000000e0a00000)
  from space 11264K, 85% used [0x00000000e1600000,0x00000000e1f68040,0x00000000e2100000)
  to   space 12288K, 71% used [0x00000000e0a00000,0x00000000e1290020,0x00000000e1600000)
 ParOldGen       total 80896K, used 13693K [0x000000008b800000, 0x0000000090700000, 0x00000000d9300000)
  object space 80896K, 16% used [0x000000008b800000,0x000000008c55f528,0x0000000090700000)
 Metaspace       used 20518K, capacity 21176K, committed 21248K, reserved 1069056K
  class space    used 2317K, capacity 2510K, committed 2560K, reserved 1048576K
GC Heap History (10 events):
Event: 1.917 GC heap after
Heap after GC invocations=2 (full 0):
 PSYoungGen      total 35328K, used 4597K [0x00000000d9300000, 0x00000000dd800000, 0x0000000100000000)
  eden space 30720K, 0% used [0x00000000d9300000,0x00000000d9300000,0x00000000db100000)
  from space 4608K, 99% used [0x00000000db580000,0x00000000db9fd7f8,0x00000000dba00000)
  to   space 4608K, 0% used [0x00000000db100000,0x00000000db100000,0x00000000db580000)
 ParOldGen       total 80896K, used 1250K [0x000000008b800000, 0x0000000090700000, 0x00000000d9300000)
  object space 80896K, 1% used [0x000000008b800000,0x000000008b938a18,0x0000000090700000)
 Metaspace       used 10585K, capacity 10788K, committed 10880K, reserved 1058816K
  class space    used 1281K, capacity 1380K, committed 1408K, reserved 1048576K
}
Event: 2.557 GC heap before
{Heap before GC invocations=3 (full 0):
 PSYoungGen      total 35328K, used 35317K [0x00000000d9300000, 0x00000000dd800000, 0x0000000100000000)
  eden space 30720K, 100% used [0x00000000d9300000,0x00000000db100000,0x00000000db100000)
  from space 4608K, 99% used [0x00000000db580000,0x00000000db9fd7f8,0x00000000dba00000)
  to   space 4608K, 0% used [0x00000000db100000,0x00000000db100000,0x00000000db580000)
 ParOldGen       total 80896K, used 1250K [0x000000008b800000, 0x0000000090700000, 0x00000000d9300000)
  object space 80896K, 1% used [0x000000008b800000,0x000000008b938a18,0x0000000090700000)
 Metaspace       used 13430K, capacity 13608K, committed 13824K, reserved 1060864K
  class space    used 1640K, capacity 1737K, committed 1792K, reserved 1048576K
Event: 2.566 GC heap after
Heap after GC invocations=3 (full 0):
 PSYoungGen      total 35328K, used 4588K [0x00000000d9300000, 0x00000000dd800000, 0x0000000100000000)
  eden space 30720K, 0% used [0x00000000d9300000,0x00000000d9300000,0x00000000db100000)
  from space 4608K, 99% used [0x00000000db100000,0x00000000db57b1b8,0x00000000db580000)
  to   space 4608K, 0% used [0x00000000dd380000,0x00000000dd380000,0x00000000dd800000)
 ParOldGen       total 80896K, used 2422K [0x000000008b800000, 0x0000000090700000, 0x00000000d9300000)
  object space 80896K, 2% used [0x000000008b800000,0x000000008ba5db20,0x0000000090700000)
 Metaspace       used 13430K, capacity 13608K, committed 13824K, reserved 1060864K
  class space    used 1640K, capacity 1737K, committed 1792K, reserved 1048576K
}
Event: 3.328 GC heap before
{Heap before GC invocations=4 (full 0):
 PSYoungGen      total 35328K, used 35308K [0x00000000d9300000, 0x00000000dd800000, 0x0000000100000000)
  eden space 30720K, 100% used [0x00000000d9300000,0x00000000db100000,0x00000000db100000)
  from space 4608K, 99% used [0x00000000db100000,0x00000000db57b1b8,0x00000000db580000)
  to   space 4608K, 0% used [0x00000000dd380000,0x00000000dd380000,0x00000000dd800000)
 ParOldGen       total 80896K, used 2422K [0x000000008b800000, 0x0000000090700000, 0x00000000d9300000)
  object space 80896K, 2% used [0x000000008b800000,0x000000008ba5db20,0x0000000090700000)
 Metaspace       used 16519K, capacity 16846K, committed 17024K, reserved 1064960K
  class space    used 1964K, capacity 2066K, committed 2176K, reserved 1048576K
Event: 3.338 GC heap after
Heap after GC invocations=4 (full 0):
 PSYoungGen      total 66048K, used 4576K [0x00000000d9300000, 0x00000000dd800000, 0x0000000100000000)
  eden space 61440K, 0% used [0x00000000d9300000,0x00000000d9300000,0x00000000dcf00000)
  from space 4608K, 99% used [0x00000000dd380000,0x00000000dd7f8020,0x00000000dd800000)
  to   space 4608K, 0% used [0x00000000dcf00000,0x00000000dcf00000,0x00000000dd380000)
 ParOldGen       total 80896K, used 4264K [0x000000008b800000, 0x0000000090700000, 0x00000000d9300000)
  object space 80896K, 5% used [0x000000008b800000,0x000000008bc2a118,0x0000000090700000)
 Metaspace       used 16519K, capacity 16846K, committed 17024K, reserved 1064960K
  class space    used 1964K, capacity 2066K, committed 2176K, reserved 1048576K
}
Event: 4.271 GC heap before
{Heap before GC invocations=5 (full 0):
 PSYoungGen      total 66048K, used 66016K [0x00000000d9300000, 0x00000000dd800000, 0x0000000100000000)
  eden space 61440K, 100% used [0x00000000d9300000,0x00000000dcf00000,0x00000000dcf00000)
  from space 4608K, 99% used [0x00000000dd380000,0x00000000dd7f8020,0x00000000dd800000)
  to   space 4608K, 0% used [0x00000000dcf00000,0x00000000dcf00000,0x00000000dd380000)
 ParOldGen       total 80896K, used 4264K [0x000000008b800000, 0x0000000090700000, 0x00000000d9300000)
  object space 80896K, 5% used [0x000000008b800000,0x000000008bc2a118,0x0000000090700000)
 Metaspace       used 17310K, capacity 17558K, committed 17792K, reserved 1064960K
  class space    used 2008K, capacity 2108K, committed 2176K, reserved 1048576K
Event: 4.294 GC heap after
Heap after GC invocations=5 (full 0):
 PSYoungGen      total 66048K, used 4592K [0x00000000d9300000, 0x00000000e2100000, 0x0000000100000000)
  eden space 61440K, 0% used [0x00000000d9300000,0x00000000d9300000,0x00000000dcf00000)
  from space 4608K, 99% used [0x00000000dcf00000,0x00000000dd37c010,0x00000000dd380000)
  to   space 11264K, 0% used [0x00000000e1600000,0x00000000e1600000,0x00000000e2100000)
 ParOldGen       total 80896K, used 11993K [0x000000008b800000, 0x0000000090700000, 0x00000000d9300000)
  object space 80896K, 14% used [0x000000008b800000,0x000000008c3b6488,0x0000000090700000)
 Metaspace       used 17310K, capacity 17558K, committed 17792K, reserved 1064960K
  class space    used 2008K, capacity 2108K, committed 2176K, reserved 1048576K
}
Event: 4.988 GC heap before
{Heap before GC invocations=6 (full 0):
 PSYoungGen      total 66048K, used 66032K [0x00000000d9300000, 0x00000000e2100000, 0x0000000100000000)
  eden space 61440K, 100% used [0x00000000d9300000,0x00000000dcf00000,0x00000000dcf00000)
  from space 4608K, 99% used [0x00000000dcf00000,0x00000000dd37c010,0x00000000dd380000)
  to   space 11264K, 0% used [0x00000000e1600000,0x00000000e1600000,0x00000000e2100000)
 ParOldGen       total 80896K, used 11993K [0x000000008b800000, 0x0000000090700000, 0x00000000d9300000)
  object space 80896K, 14% used [0x000000008b800000,0x000000008c3b6488,0x0000000090700000)
 Metaspace       used 17847K, capacity 18088K, committed 18304K, reserved 1064960K
  class space    used 2027K, capacity 2111K, committed 2176K, reserved 1048576K
Event: 5.012 GC heap after
Heap after GC invocations=6 (full 0):
 PSYoungGen      total 133120K, used 9632K [0x00000000d9300000, 0x00000000e2300000, 0x0000000100000000)
  eden space 121856K, 0% used [0x00000000d9300000,0x00000000d9300000,0x00000000e0a00000)
  from space 11264K, 85% used [0x00000000e1600000,0x00000000e1f68040,0x00000000e2100000)
  to   space 12288K, 0% used [0x00000000e0a00000,0x00000000e0a00000,0x00000000e1600000)
 ParOldGen       total 80896K, used 12001K [0x000000008b800000, 0x0000000090700000, 0x00000000d9300000)
  object space 80896K, 14% used [0x000000008b800000,0x000000008c3b8488,0x0000000090700000)
 Metaspace       used 17847K, capacity 18088K, committed 18304K, reserved 1064960K
  class space    used 2027K, capacity 2111K, committed 2176K, reserved 1048576K
}
Event: 6.850 GC heap before
{Heap before GC invocations=7 (full 0):
 PSYoungGen      total 133120K, used 109878K [0x00000000d9300000, 0x00000000e2300000, 0x0000000100000000)
  eden space 121856K, 82% used [0x00000000d9300000,0x00000000df4e59d0,0x00000000e0a00000)
  from space 11264K, 85% used [0x00000000e1600000,0x00000000e1f68040,0x00000000e2100000)
  to   space 12288K, 0% used [0x00000000e0a00000,0x00000000e0a00000,0x00000000e1600000)
 ParOldGen       total 80896K, used 12001K [0x000000008b800000, 0x0000000090700000, 0x00000000d9300000)
  object space 80896K, 14% used [0x000000008b800000,0x000000008c3b8488,0x0000000090700000)
 Metaspace       used 20518K, capacity 21176K, committed 21248K, reserved 1069056K
  class space    used 2317K, capacity 2510K, committed 2560K, reserved 1048576K

